<?xml version="1.0" encoding="UTF-8"?>
<testng-results ignored="0" total="1" passed="1" failed="0" skipped="0">
  <reporter-output>
  </reporter-output>
  <suite started-at="2025-10-07T11:46:29 IST" name="Default suite" finished-at="2025-10-07T11:46:41 IST" duration-ms="12255">
    <groups>
    </groups>
    <test started-at="2025-10-07T11:46:29 IST" name="Default test" finished-at="2025-10-07T11:46:41 IST" duration-ms="12255">
      <class name="com.example.demo.tests.GoogleTest">
        <test-method is-config="true" signature="setUp()[pri:0, instance:com.example.demo.tests.GoogleTest@ba2f4ec]" started-at="2025-10-07T11:46:29 IST" name="setUp" finished-at="2025-10-07T11:46:32 IST" duration-ms="2871" status="PASS">
          <reporter-output>
          </reporter-output>
        </test-method> <!-- setUp -->
        <test-method signature="testVisitEnterpriseHub()[pri:0, instance:com.example.demo.tests.GoogleTest@ba2f4ec]" started-at="2025-10-07T11:46:32 IST" name="testVisitEnterpriseHub" finished-at="2025-10-07T11:46:41 IST" duration-ms="9314" status="PASS">
          <reporter-output>
          </reporter-output>
        </test-method> <!-- testVisitEnterpriseHub -->
      </class> <!-- com.example.demo.tests.GoogleTest -->
    </test> <!-- Default test -->
  </suite> <!-- Default suite -->
</testng-results>
